[2022-01-21 12:53:15] local.ERROR: Target class [App\Console\Commands\sendMail] does not exist. {"exception":"[object] (Illuminate\\Contracts\\Container\\BindingResolutionException(code: 0): Target class [App\\Console\\Commands\\sendMail] does not exist. at /media/david/HD Externo 1TB/Projetos/automessage/vendor/laravel/framework/src/Illuminate/Container/Container.php:879)
[stacktrace]
#0 /media/david/HD Externo 1TB/Projetos/automessage/vendor/laravel/framework/src/Illuminate/Container/Container.php(758): Illuminate\\Container\\Container->build()
#1 /media/david/HD Externo 1TB/Projetos/automessage/vendor/laravel/framework/src/Illuminate/Foundation/Application.php(851): Illuminate\\Container\\Container->resolve()
#2 /media/david/HD Externo 1TB/Projetos/automessage/vendor/laravel/framework/src/Illuminate/Container/Container.php(694): Illuminate\\Foundation\\Application->resolve()
#3 /media/david/HD Externo 1TB/Projetos/automessage/vendor/laravel/framework/src/Illuminate/Foundation/Application.php(836): Illuminate\\Container\\Container->make()
#4 /media/david/HD Externo 1TB/Projetos/automessage/vendor/laravel/framework/src/Illuminate/Console/Application.php(262): Illuminate\\Foundation\\Application->make()
#5 /media/david/HD Externo 1TB/Projetos/automessage/vendor/laravel/framework/src/Illuminate/Console/Application.php(276): Illuminate\\Console\\Application->resolve()
#6 /media/david/HD Externo 1TB/Projetos/automessage/vendor/laravel/framework/src/Illuminate/Foundation/Console/Kernel.php(331): Illuminate\\Console\\Application->resolveCommands()
#7 /media/david/HD Externo 1TB/Projetos/automessage/vendor/laravel/framework/src/Illuminate/Foundation/Console/Kernel.php(129): Illuminate\\Foundation\\Console\\Kernel->getArtisan()
#8 /media/david/HD Externo 1TB/Projetos/automessage/artisan(37): Illuminate\\Foundation\\Console\\Kernel->handle()
#9 {main}

[previous exception] [object] (ReflectionException(code: -1): Class \"App\\Console\\Commands\\sendMail\" does not exist at /media/david/HD Externo 1TB/Projetos/automessage/vendor/laravel/framework/src/Illuminate/Container/Container.php:877)
[stacktrace]
#0 /media/david/HD Externo 1TB/Projetos/automessage/vendor/laravel/framework/src/Illuminate/Container/Container.php(877): ReflectionClass->__construct()
#1 /media/david/HD Externo 1TB/Projetos/automessage/vendor/laravel/framework/src/Illuminate/Container/Container.php(758): Illuminate\\Container\\Container->build()
#2 /media/david/HD Externo 1TB/Projetos/automessage/vendor/laravel/framework/src/Illuminate/Foundation/Application.php(851): Illuminate\\Container\\Container->resolve()
#3 /media/david/HD Externo 1TB/Projetos/automessage/vendor/laravel/framework/src/Illuminate/Container/Container.php(694): Illuminate\\Foundation\\Application->resolve()
#4 /media/david/HD Externo 1TB/Projetos/automessage/vendor/laravel/framework/src/Illuminate/Foundation/Application.php(836): Illuminate\\Container\\Container->make()
#5 /media/david/HD Externo 1TB/Projetos/automessage/vendor/laravel/framework/src/Illuminate/Console/Application.php(262): Illuminate\\Foundation\\Application->make()
#6 /media/david/HD Externo 1TB/Projetos/automessage/vendor/laravel/framework/src/Illuminate/Console/Application.php(276): Illuminate\\Console\\Application->resolve()
#7 /media/david/HD Externo 1TB/Projetos/automessage/vendor/laravel/framework/src/Illuminate/Foundation/Console/Kernel.php(331): Illuminate\\Console\\Application->resolveCommands()
#8 /media/david/HD Externo 1TB/Projetos/automessage/vendor/laravel/framework/src/Illuminate/Foundation/Console/Kernel.php(129): Illuminate\\Foundation\\Console\\Kernel->getArtisan()
#9 /media/david/HD Externo 1TB/Projetos/automessage/artisan(37): Illuminate\\Foundation\\Console\\Kernel->handle()
#10 {main}
"} 
[2022-01-21 14:39:50] production.ERROR: Target class [App\Console\Commands\sendMail] does not exist. {"exception":"[object] (Illuminate\\Contracts\\Container\\BindingResolutionException(code: 0): Target class [App\\Console\\Commands\\sendMail] does not exist. at /media/david/HD Externo 1TB/Projetos/automessage/vendor/laravel/framework/src/Illuminate/Container/Container.php:879)
[stacktrace]
#0 /media/david/HD Externo 1TB/Projetos/automessage/vendor/laravel/framework/src/Illuminate/Container/Container.php(758): Illuminate\\Container\\Container->build()
#1 /media/david/HD Externo 1TB/Projetos/automessage/vendor/laravel/framework/src/Illuminate/Foundation/Application.php(851): Illuminate\\Container\\Container->resolve()
#2 /media/david/HD Externo 1TB/Projetos/automessage/vendor/laravel/framework/src/Illuminate/Container/Container.php(694): Illuminate\\Foundation\\Application->resolve()
#3 /media/david/HD Externo 1TB/Projetos/automessage/vendor/laravel/framework/src/Illuminate/Foundation/Application.php(836): Illuminate\\Container\\Container->make()
#4 /media/david/HD Externo 1TB/Projetos/automessage/vendor/laravel/framework/src/Illuminate/Console/Application.php(262): Illuminate\\Foundation\\Application->make()
#5 /media/david/HD Externo 1TB/Projetos/automessage/vendor/laravel/framework/src/Illuminate/Console/Application.php(276): Illuminate\\Console\\Application->resolve()
#6 /media/david/HD Externo 1TB/Projetos/automessage/vendor/laravel/framework/src/Illuminate/Foundation/Console/Kernel.php(331): Illuminate\\Console\\Application->resolveCommands()
#7 /media/david/HD Externo 1TB/Projetos/automessage/vendor/laravel/framework/src/Illuminate/Foundation/Console/Kernel.php(129): Illuminate\\Foundation\\Console\\Kernel->getArtisan()
#8 /media/david/HD Externo 1TB/Projetos/automessage/artisan(37): Illuminate\\Foundation\\Console\\Kernel->handle()
#9 {main}

[previous exception] [object] (ReflectionException(code: -1): Class \"App\\Console\\Commands\\sendMail\" does not exist at /media/david/HD Externo 1TB/Projetos/automessage/vendor/laravel/framework/src/Illuminate/Container/Container.php:877)
[stacktrace]
#0 /media/david/HD Externo 1TB/Projetos/automessage/vendor/laravel/framework/src/Illuminate/Container/Container.php(877): ReflectionClass->__construct()
#1 /media/david/HD Externo 1TB/Projetos/automessage/vendor/laravel/framework/src/Illuminate/Container/Container.php(758): Illuminate\\Container\\Container->build()
#2 /media/david/HD Externo 1TB/Projetos/automessage/vendor/laravel/framework/src/Illuminate/Foundation/Application.php(851): Illuminate\\Container\\Container->resolve()
#3 /media/david/HD Externo 1TB/Projetos/automessage/vendor/laravel/framework/src/Illuminate/Container/Container.php(694): Illuminate\\Foundation\\Application->resolve()
#4 /media/david/HD Externo 1TB/Projetos/automessage/vendor/laravel/framework/src/Illuminate/Foundation/Application.php(836): Illuminate\\Container\\Container->make()
#5 /media/david/HD Externo 1TB/Projetos/automessage/vendor/laravel/framework/src/Illuminate/Console/Application.php(262): Illuminate\\Foundation\\Application->make()
#6 /media/david/HD Externo 1TB/Projetos/automessage/vendor/laravel/framework/src/Illuminate/Console/Application.php(276): Illuminate\\Console\\Application->resolve()
#7 /media/david/HD Externo 1TB/Projetos/automessage/vendor/laravel/framework/src/Illuminate/Foundation/Console/Kernel.php(331): Illuminate\\Console\\Application->resolveCommands()
#8 /media/david/HD Externo 1TB/Projetos/automessage/vendor/laravel/framework/src/Illuminate/Foundation/Console/Kernel.php(129): Illuminate\\Foundation\\Console\\Kernel->getArtisan()
#9 /media/david/HD Externo 1TB/Projetos/automessage/artisan(37): Illuminate\\Foundation\\Console\\Kernel->handle()
#10 {main}
"} 
[2022-01-21 14:40:08] production.ERROR: Target class [App\Console\Commands\sendMail] does not exist. {"exception":"[object] (Illuminate\\Contracts\\Container\\BindingResolutionException(code: 0): Target class [App\\Console\\Commands\\sendMail] does not exist. at /media/david/HD Externo 1TB/Projetos/automessage/vendor/laravel/framework/src/Illuminate/Container/Container.php:879)
[stacktrace]
#0 /media/david/HD Externo 1TB/Projetos/automessage/vendor/laravel/framework/src/Illuminate/Container/Container.php(758): Illuminate\\Container\\Container->build()
#1 /media/david/HD Externo 1TB/Projetos/automessage/vendor/laravel/framework/src/Illuminate/Foundation/Application.php(851): Illuminate\\Container\\Container->resolve()
#2 /media/david/HD Externo 1TB/Projetos/automessage/vendor/laravel/framework/src/Illuminate/Container/Container.php(694): Illuminate\\Foundation\\Application->resolve()
#3 /media/david/HD Externo 1TB/Projetos/automessage/vendor/laravel/framework/src/Illuminate/Foundation/Application.php(836): Illuminate\\Container\\Container->make()
#4 /media/david/HD Externo 1TB/Projetos/automessage/vendor/laravel/framework/src/Illuminate/Console/Application.php(262): Illuminate\\Foundation\\Application->make()
#5 /media/david/HD Externo 1TB/Projetos/automessage/vendor/laravel/framework/src/Illuminate/Console/Application.php(276): Illuminate\\Console\\Application->resolve()
#6 /media/david/HD Externo 1TB/Projetos/automessage/vendor/laravel/framework/src/Illuminate/Foundation/Console/Kernel.php(331): Illuminate\\Console\\Application->resolveCommands()
#7 /media/david/HD Externo 1TB/Projetos/automessage/vendor/laravel/framework/src/Illuminate/Foundation/Console/Kernel.php(129): Illuminate\\Foundation\\Console\\Kernel->getArtisan()
#8 /media/david/HD Externo 1TB/Projetos/automessage/artisan(37): Illuminate\\Foundation\\Console\\Kernel->handle()
#9 {main}

[previous exception] [object] (ReflectionException(code: -1): Class \"App\\Console\\Commands\\sendMail\" does not exist at /media/david/HD Externo 1TB/Projetos/automessage/vendor/laravel/framework/src/Illuminate/Container/Container.php:877)
[stacktrace]
#0 /media/david/HD Externo 1TB/Projetos/automessage/vendor/laravel/framework/src/Illuminate/Container/Container.php(877): ReflectionClass->__construct()
#1 /media/david/HD Externo 1TB/Projetos/automessage/vendor/laravel/framework/src/Illuminate/Container/Container.php(758): Illuminate\\Container\\Container->build()
#2 /media/david/HD Externo 1TB/Projetos/automessage/vendor/laravel/framework/src/Illuminate/Foundation/Application.php(851): Illuminate\\Container\\Container->resolve()
#3 /media/david/HD Externo 1TB/Projetos/automessage/vendor/laravel/framework/src/Illuminate/Container/Container.php(694): Illuminate\\Foundation\\Application->resolve()
#4 /media/david/HD Externo 1TB/Projetos/automessage/vendor/laravel/framework/src/Illuminate/Foundation/Application.php(836): Illuminate\\Container\\Container->make()
#5 /media/david/HD Externo 1TB/Projetos/automessage/vendor/laravel/framework/src/Illuminate/Console/Application.php(262): Illuminate\\Foundation\\Application->make()
#6 /media/david/HD Externo 1TB/Projetos/automessage/vendor/laravel/framework/src/Illuminate/Console/Application.php(276): Illuminate\\Console\\Application->resolve()
#7 /media/david/HD Externo 1TB/Projetos/automessage/vendor/laravel/framework/src/Illuminate/Foundation/Console/Kernel.php(331): Illuminate\\Console\\Application->resolveCommands()
#8 /media/david/HD Externo 1TB/Projetos/automessage/vendor/laravel/framework/src/Illuminate/Foundation/Console/Kernel.php(129): Illuminate\\Foundation\\Console\\Kernel->getArtisan()
#9 /media/david/HD Externo 1TB/Projetos/automessage/artisan(37): Illuminate\\Foundation\\Console\\Kernel->handle()
#10 {main}
"} 
[2022-01-21 14:41:08] production.ERROR: Target class [App\Console\Commands\sendMail] does not exist. {"exception":"[object] (Illuminate\\Contracts\\Container\\BindingResolutionException(code: 0): Target class [App\\Console\\Commands\\sendMail] does not exist. at /media/david/HD Externo 1TB/Projetos/automessage/vendor/laravel/framework/src/Illuminate/Container/Container.php:879)
[stacktrace]
#0 /media/david/HD Externo 1TB/Projetos/automessage/vendor/laravel/framework/src/Illuminate/Container/Container.php(758): Illuminate\\Container\\Container->build()
#1 /media/david/HD Externo 1TB/Projetos/automessage/vendor/laravel/framework/src/Illuminate/Foundation/Application.php(851): Illuminate\\Container\\Container->resolve()
#2 /media/david/HD Externo 1TB/Projetos/automessage/vendor/laravel/framework/src/Illuminate/Container/Container.php(694): Illuminate\\Foundation\\Application->resolve()
#3 /media/david/HD Externo 1TB/Projetos/automessage/vendor/laravel/framework/src/Illuminate/Foundation/Application.php(836): Illuminate\\Container\\Container->make()
#4 /media/david/HD Externo 1TB/Projetos/automessage/vendor/laravel/framework/src/Illuminate/Console/Application.php(262): Illuminate\\Foundation\\Application->make()
#5 /media/david/HD Externo 1TB/Projetos/automessage/vendor/laravel/framework/src/Illuminate/Console/Application.php(276): Illuminate\\Console\\Application->resolve()
#6 /media/david/HD Externo 1TB/Projetos/automessage/vendor/laravel/framework/src/Illuminate/Foundation/Console/Kernel.php(331): Illuminate\\Console\\Application->resolveCommands()
#7 /media/david/HD Externo 1TB/Projetos/automessage/vendor/laravel/framework/src/Illuminate/Foundation/Console/Kernel.php(129): Illuminate\\Foundation\\Console\\Kernel->getArtisan()
#8 /media/david/HD Externo 1TB/Projetos/automessage/artisan(37): Illuminate\\Foundation\\Console\\Kernel->handle()
#9 {main}

[previous exception] [object] (ReflectionException(code: -1): Class \"App\\Console\\Commands\\sendMail\" does not exist at /media/david/HD Externo 1TB/Projetos/automessage/vendor/laravel/framework/src/Illuminate/Container/Container.php:877)
[stacktrace]
#0 /media/david/HD Externo 1TB/Projetos/automessage/vendor/laravel/framework/src/Illuminate/Container/Container.php(877): ReflectionClass->__construct()
#1 /media/david/HD Externo 1TB/Projetos/automessage/vendor/laravel/framework/src/Illuminate/Container/Container.php(758): Illuminate\\Container\\Container->build()
#2 /media/david/HD Externo 1TB/Projetos/automessage/vendor/laravel/framework/src/Illuminate/Foundation/Application.php(851): Illuminate\\Container\\Container->resolve()
#3 /media/david/HD Externo 1TB/Projetos/automessage/vendor/laravel/framework/src/Illuminate/Container/Container.php(694): Illuminate\\Foundation\\Application->resolve()
#4 /media/david/HD Externo 1TB/Projetos/automessage/vendor/laravel/framework/src/Illuminate/Foundation/Application.php(836): Illuminate\\Container\\Container->make()
#5 /media/david/HD Externo 1TB/Projetos/automessage/vendor/laravel/framework/src/Illuminate/Console/Application.php(262): Illuminate\\Foundation\\Application->make()
#6 /media/david/HD Externo 1TB/Projetos/automessage/vendor/laravel/framework/src/Illuminate/Console/Application.php(276): Illuminate\\Console\\Application->resolve()
#7 /media/david/HD Externo 1TB/Projetos/automessage/vendor/laravel/framework/src/Illuminate/Foundation/Console/Kernel.php(331): Illuminate\\Console\\Application->resolveCommands()
#8 /media/david/HD Externo 1TB/Projetos/automessage/vendor/laravel/framework/src/Illuminate/Foundation/Console/Kernel.php(129): Illuminate\\Foundation\\Console\\Kernel->getArtisan()
#9 /media/david/HD Externo 1TB/Projetos/automessage/artisan(37): Illuminate\\Foundation\\Console\\Kernel->handle()
#10 {main}
"} 
[2022-01-21 14:47:00] production.ERROR: Target class [App\Console\Commands\sendMail] does not exist. {"exception":"[object] (Illuminate\\Contracts\\Container\\BindingResolutionException(code: 0): Target class [App\\Console\\Commands\\sendMail] does not exist. at /media/david/HD Externo 1TB/Projetos/automessage/vendor/laravel/framework/src/Illuminate/Container/Container.php:879)
[stacktrace]
#0 /media/david/HD Externo 1TB/Projetos/automessage/vendor/laravel/framework/src/Illuminate/Container/Container.php(758): Illuminate\\Container\\Container->build()
#1 /media/david/HD Externo 1TB/Projetos/automessage/vendor/laravel/framework/src/Illuminate/Foundation/Application.php(851): Illuminate\\Container\\Container->resolve()
#2 /media/david/HD Externo 1TB/Projetos/automessage/vendor/laravel/framework/src/Illuminate/Container/Container.php(694): Illuminate\\Foundation\\Application->resolve()
#3 /media/david/HD Externo 1TB/Projetos/automessage/vendor/laravel/framework/src/Illuminate/Foundation/Application.php(836): Illuminate\\Container\\Container->make()
#4 /media/david/HD Externo 1TB/Projetos/automessage/vendor/laravel/framework/src/Illuminate/Console/Application.php(262): Illuminate\\Foundation\\Application->make()
#5 /media/david/HD Externo 1TB/Projetos/automessage/vendor/laravel/framework/src/Illuminate/Console/Application.php(276): Illuminate\\Console\\Application->resolve()
#6 /media/david/HD Externo 1TB/Projetos/automessage/vendor/laravel/framework/src/Illuminate/Foundation/Console/Kernel.php(331): Illuminate\\Console\\Application->resolveCommands()
#7 /media/david/HD Externo 1TB/Projetos/automessage/vendor/laravel/framework/src/Illuminate/Foundation/Console/Kernel.php(129): Illuminate\\Foundation\\Console\\Kernel->getArtisan()
#8 /media/david/HD Externo 1TB/Projetos/automessage/artisan(37): Illuminate\\Foundation\\Console\\Kernel->handle()
#9 {main}

[previous exception] [object] (ReflectionException(code: -1): Class \"App\\Console\\Commands\\sendMail\" does not exist at /media/david/HD Externo 1TB/Projetos/automessage/vendor/laravel/framework/src/Illuminate/Container/Container.php:877)
[stacktrace]
#0 /media/david/HD Externo 1TB/Projetos/automessage/vendor/laravel/framework/src/Illuminate/Container/Container.php(877): ReflectionClass->__construct()
#1 /media/david/HD Externo 1TB/Projetos/automessage/vendor/laravel/framework/src/Illuminate/Container/Container.php(758): Illuminate\\Container\\Container->build()
#2 /media/david/HD Externo 1TB/Projetos/automessage/vendor/laravel/framework/src/Illuminate/Foundation/Application.php(851): Illuminate\\Container\\Container->resolve()
#3 /media/david/HD Externo 1TB/Projetos/automessage/vendor/laravel/framework/src/Illuminate/Container/Container.php(694): Illuminate\\Foundation\\Application->resolve()
#4 /media/david/HD Externo 1TB/Projetos/automessage/vendor/laravel/framework/src/Illuminate/Foundation/Application.php(836): Illuminate\\Container\\Container->make()
#5 /media/david/HD Externo 1TB/Projetos/automessage/vendor/laravel/framework/src/Illuminate/Console/Application.php(262): Illuminate\\Foundation\\Application->make()
#6 /media/david/HD Externo 1TB/Projetos/automessage/vendor/laravel/framework/src/Illuminate/Console/Application.php(276): Illuminate\\Console\\Application->resolve()
#7 /media/david/HD Externo 1TB/Projetos/automessage/vendor/laravel/framework/src/Illuminate/Foundation/Console/Kernel.php(331): Illuminate\\Console\\Application->resolveCommands()
#8 /media/david/HD Externo 1TB/Projetos/automessage/vendor/laravel/framework/src/Illuminate/Foundation/Console/Kernel.php(129): Illuminate\\Foundation\\Console\\Kernel->getArtisan()
#9 /media/david/HD Externo 1TB/Projetos/automessage/artisan(37): Illuminate\\Foundation\\Console\\Kernel->handle()
#10 {main}
"} 
